(?<host>\S*) (?<clock>{.*})\n(?<event>.*)


client_jerome {"client_jerome":1}
Initialization Complete
client_jerome {"client_jerome":2}
[Resgiter] request sent to server
client_jerome {"client_jerome":3, "server":16, "client_vaastav":10}
[Register] request accepted by server
client_jerome {"client_jerome":4, "server":16, "client_vaastav":10}
[Connect] request sent to server
client_jerome {"client_jerome":5, "server":18, "client_vaastav":10}
[Connect] request accepted by server
client_jerome {"client_jerome":6, "server":18, "client_vaastav":10}
[GetNodes] request sent to server
client_jerome {"client_vaastav":13, "client_jerome":7, "server":23}
TimeRequest() command received from server
client_jerome {"server":23, "client_vaastav":13, "client_jerome":8}
TimeRequest() command executed
client_jerome {"server":27, "client_vaastav":15, "client_jerome":9}
SetOffset() command received from server
client_jerome {"client_jerome":10, "server":27, "client_vaastav":15}
SetOffset() command executed
client_jerome {"client_vaastav":15, "client_jerome":11, "server":30}
[GetNodes] request accepted by server
client_jerome {"client_jerome":12, "client_madeleine":6, "server":41, "client_vaastav":19}
TimeRequest() command received from server
client_jerome {"server":41, "client_vaastav":19, "client_jerome":13, "client_madeleine":6}
TimeRequest() command executed
client_jerome {"client_jerome":14, "client_madeleine":8, "server":47, "client_vaastav":21}
SetOffset() command received from server
client_jerome {"client_madeleine":8, "server":47, "client_vaastav":21, "client_jerome":15}
SetOffset() command executed
client_jerome {"client_madeleine":10, "server":61, "client_vaastav":23, "client_jerome":16, "client_raunak":6}
TimeRequest() command received from server
client_jerome {"client_madeleine":10, "server":61, "client_vaastav":23, "client_jerome":17, "client_raunak":6}
TimeRequest() command executed
client_jerome {"client_vaastav":25, "client_jerome":18, "client_raunak":8, "client_madeleine":13, "server":69}
SetOffset() command received from server
client_jerome {"server":69, "client_vaastav":25, "client_jerome":19, "client_raunak":8, "client_madeleine":13}
SetOffset() command executed
client_jerome {"client_madeleine":13, "server":69, "client_vaastav":25, "client_jerome":20, "client_raunak":8}
[Disconnect] request sent to server
client_madeleine {"client_madeleine":1}
Initialization Complete
client_madeleine {"client_madeleine":2}
[Resgiter] request sent to server
client_madeleine {"client_madeleine":3, "client_vaastav":16, "server":34, "client_jerome":10}
[Register] request accepted by server
client_madeleine {"server":34, "client_jerome":10, "client_madeleine":4, "client_vaastav":16}
[Connect] request sent to server
client_madeleine {"client_vaastav":16, "server":36, "client_jerome":10, "client_madeleine":5}
[Connect] request accepted by server
client_madeleine {"client_jerome":10, "client_madeleine":6, "client_vaastav":16, "server":36}
[GetNodes] request sent to server
client_madeleine {"client_madeleine":7, "client_vaastav":19, "server":43, "client_jerome":13}
TimeRequest() command received from server
client_madeleine {"client_jerome":13, "client_madeleine":8, "client_vaastav":19, "server":43}
TimeRequest() command executed
client_madeleine {"client_vaastav":21, "server":49, "client_jerome":15, "client_madeleine":9}
SetOffset() command received from server
client_madeleine {"client_madeleine":10, "client_vaastav":21, "server":49, "client_jerome":15}
SetOffset() command executed
client_madeleine {"client_jerome":15, "client_madeleine":11, "client_vaastav":21, "server":52}
[GetNodes] request accepted by server
client_madeleine {"client_jerome":17, "client_madeleine":12, "client_vaastav":23, "server":63, "client_raunak":6}
TimeRequest() command received from server
client_madeleine {"client_raunak":6, "client_jerome":17, "client_madeleine":13, "client_vaastav":23, "server":63}
TimeRequest() command executed
client_madeleine {"client_raunak":8, "client_jerome":19, "client_madeleine":14, "client_vaastav":25, "server":71}
SetOffset() command received from server
client_madeleine {"client_madeleine":15, "client_vaastav":25, "server":71, "client_raunak":8, "client_jerome":19}
SetOffset() command executed
client_madeleine {"server":71, "client_raunak":8, "client_jerome":19, "client_madeleine":16, "client_vaastav":25}
[Disconnect] request sent to server
client_raunak {"client_raunak":1}
Initialization Complete
client_raunak {"client_raunak":2}
[Resgiter] request sent to server
client_raunak {"client_raunak":3, "client_vaastav":21, "client_madeleine":10, "server":54, "client_jerome":15}
[Register] request accepted by server
client_raunak {"client_raunak":4, "client_vaastav":21, "client_madeleine":10, "server":54, "client_jerome":15}
[Connect] request sent to server
client_raunak {"client_raunak":5, "client_vaastav":21, "client_madeleine":10, "server":56, "client_jerome":15}
[Connect] request accepted by server
client_raunak {"client_vaastav":21, "client_madeleine":10, "server":56, "client_jerome":15, "client_raunak":6}
[GetNodes] request sent to server
client_raunak {"client_vaastav":23, "client_madeleine":13, "server":65, "client_jerome":17, "client_raunak":7}
TimeRequest() command received from server
client_raunak {"client_jerome":17, "client_raunak":8, "client_vaastav":23, "client_madeleine":13, "server":65}
TimeRequest() command executed
client_raunak {"client_jerome":19, "client_raunak":9, "client_vaastav":25, "client_madeleine":15, "server":73}
SetOffset() command received from server
client_raunak {"client_jerome":19, "client_raunak":10, "client_vaastav":25, "client_madeleine":15, "server":73}
SetOffset() command executed
client_raunak {"client_jerome":19, "client_raunak":11, "client_vaastav":25, "client_madeleine":15, "server":76}
[GetNodes] request accepted by server
client_raunak {"client_vaastav":25, "client_madeleine":15, "server":76, "client_jerome":19, "client_raunak":12}
[Disconnect] request sent to server
client_vaastav {"client_vaastav":1}
Initialization Complete
client_vaastav {"client_vaastav":2}
[Resgiter] request sent to server
client_vaastav {"client_vaastav":3, "server":4}
[Register] request accepted by server
client_vaastav {"client_vaastav":4, "server":4}
[Connect] request sent to server
client_vaastav {"server":6, "client_vaastav":5}
[Connect] request accepted by server
client_vaastav {"client_vaastav":6, "server":6}
[GetNodes] request sent to server
client_vaastav {"server":8, "client_vaastav":7}
TimeRequest() command received from server
client_vaastav {"server":8, "client_vaastav":8}
TimeRequest() command executed
client_vaastav {"server":11, "client_vaastav":9}
SetOffset() command received from server
client_vaastav {"server":11, "client_vaastav":10}
SetOffset() command executed
client_vaastav {"server":14, "client_vaastav":11}
[GetNodes] request accepted by server
client_vaastav {"client_vaastav":12, "server":20, "client_jerome":4}
TimeRequest() command received from server
client_vaastav {"client_vaastav":13, "server":20, "client_jerome":4}
TimeRequest() command executed
client_vaastav {"client_vaastav":14, "server":25, "client_jerome":8}
SetOffset() command received from server
client_vaastav {"server":25, "client_jerome":8, "client_vaastav":15}
SetOffset() command executed
client_vaastav {"server":25, "client_jerome":8, "client_vaastav":16}
[GetNodes] request sent to server
client_vaastav {"server":32, "client_jerome":10, "client_vaastav":17}
[GetNodes] request accepted by server
client_vaastav {"client_madeleine":4, "server":38, "client_jerome":10, "client_vaastav":18}
TimeRequest() command received from server
client_vaastav {"client_madeleine":4, "server":38, "client_jerome":10, "client_vaastav":19}
TimeRequest() command executed
client_vaastav {"client_madeleine":8, "server":45, "client_jerome":13, "client_vaastav":20}
SetOffset() command received from server
client_vaastav {"client_jerome":13, "client_vaastav":21, "client_madeleine":8, "server":45}
SetOffset() command executed
client_vaastav {"client_vaastav":22, "client_madeleine":10, "server":58, "client_jerome":15, "client_raunak":4}
TimeRequest() command received from server
client_vaastav {"client_madeleine":10, "server":58, "client_jerome":15, "client_raunak":4, "client_vaastav":23}
TimeRequest() command executed
client_vaastav {"client_vaastav":24, "client_madeleine":13, "server":67, "client_jerome":17, "client_raunak":8}
SetOffset() command received from server
client_vaastav {"client_madeleine":13, "server":67, "client_jerome":17, "client_raunak":8, "client_vaastav":25}
SetOffset() command executed
client_vaastav {"client_jerome":17, "client_raunak":8, "client_vaastav":26, "client_madeleine":13, "server":67}
[Disconnect] request sent to server
server {"server":1}
Initialization Complete
server {"server":2}
Listening Now
server {"server":3, "client_vaastav":2}
[Register] request received from client
server {"server":4, "client_vaastav":2}
[Register] request accepted from client
server {"server":5, "client_vaastav":4}
[Connect] received from client
server {"server":6, "client_vaastav":4}
[Connect] Request accepted from client
server {"client_vaastav":4, "server":7}
Syncing Clocks
server {"server":8, "client_vaastav":4}
[TimeRequest] sending command to client
server {"server":9, "client_vaastav":6}
[GetNodes] received from client
server {"server":10, "client_vaastav":8}
[TimeRequest] command succeeded
server {"server":11, "client_vaastav":8}
[SetOffset] sending command to client
server {"client_vaastav":10, "server":12}
[SetOffset] command succeeded
server {"client_vaastav":10, "server":13}
Setting local clock offset
server {"client_vaastav":10, "server":14}
[GetNodes] accepted from client
server {"client_jerome":2, "client_vaastav":10, "server":15}
[Register] request received from client
server {"client_vaastav":10, "server":16, "client_jerome":2}
[Register] request accepted from client
server {"client_jerome":4, "client_vaastav":10, "server":17}
[Connect] received from client
server {"client_vaastav":10, "server":18, "client_jerome":4}
[Connect] Request accepted from client
server {"client_vaastav":10, "server":19, "client_jerome":4}
Syncing Clocks
server {"client_vaastav":10, "server":20, "client_jerome":4}
[TimeRequest] sending command to client
server {"client_vaastav":10, "server":21, "client_jerome":6}
[GetNodes] received from client
server {"server":22, "client_jerome":6, "client_vaastav":13}
[TimeRequest] command succeeded
server {"server":23, "client_jerome":6, "client_vaastav":13}
[TimeRequest] sending command to client
server {"client_jerome":8, "client_vaastav":13, "server":24}
[TimeRequest] command succeeded
server {"server":25, "client_jerome":8, "client_vaastav":13}
[SetOffset] sending command to client
server {"client_jerome":8, "client_vaastav":15, "server":26}
[SetOffset] command succeeded
server {"client_vaastav":15, "server":27, "client_jerome":8}
[SetOffset] sending command to client
server {"server":28, "client_jerome":10, "client_vaastav":15}
[SetOffset] command succeeded
server {"client_vaastav":15, "server":29, "client_jerome":10}
Setting local clock offset
server {"client_jerome":10, "client_vaastav":15, "server":30}
[GetNodes] accepted from client
server {"client_vaastav":16, "server":31, "client_jerome":10}
[GetNodes] received from client
server {"client_jerome":10, "client_vaastav":16, "server":32}
[GetNodes] accepted from client
server {"client_vaastav":16, "client_madeleine":2, "server":33, "client_jerome":10}
[Register] request received from client
server {"server":34, "client_jerome":10, "client_vaastav":16, "client_madeleine":2}
[Register] request accepted from client
server {"client_jerome":10, "client_vaastav":16, "client_madeleine":4, "server":35}
[Connect] received from client
server {"client_madeleine":4, "server":36, "client_jerome":10, "client_vaastav":16}
[Connect] Request accepted from client
server {"server":37, "client_jerome":10, "client_vaastav":16, "client_madeleine":4}
Syncing Clocks
server {"client_vaastav":16, "client_madeleine":4, "server":38, "client_jerome":10}
[TimeRequest] sending command to client
server {"client_vaastav":16, "client_madeleine":6, "server":39, "client_jerome":10}
[GetNodes] received from client
server {"server":40, "client_jerome":10, "client_vaastav":19, "client_madeleine":6}
[TimeRequest] command succeeded
server {"server":41, "client_jerome":10, "client_vaastav":19, "client_madeleine":6}
[TimeRequest] sending command to client
server {"client_madeleine":6, "server":42, "client_jerome":13, "client_vaastav":19}
[TimeRequest] command succeeded
server {"server":43, "client_jerome":13, "client_vaastav":19, "client_madeleine":6}
[TimeRequest] sending command to client
server {"server":44, "client_jerome":13, "client_vaastav":19, "client_madeleine":8}
[TimeRequest] command succeeded
server {"client_jerome":13, "client_vaastav":19, "client_madeleine":8, "server":45}
[SetOffset] sending command to client
server {"client_jerome":13, "client_vaastav":21, "client_madeleine":8, "server":46}
[SetOffset] command succeeded
server {"client_jerome":13, "client_vaastav":21, "client_madeleine":8, "server":47}
[SetOffset] sending command to client
server {"server":48, "client_jerome":15, "client_vaastav":21, "client_madeleine":8}
[SetOffset] command succeeded
server {"server":49, "client_jerome":15, "client_vaastav":21, "client_madeleine":8}
[SetOffset] sending command to client
server {"server":50, "client_jerome":15, "client_vaastav":21, "client_madeleine":10}
[SetOffset] command succeeded
server {"client_jerome":15, "client_vaastav":21, "client_madeleine":10, "server":51}
Setting local clock offset
server {"server":52, "client_jerome":15, "client_vaastav":21, "client_madeleine":10}
[GetNodes] accepted from client
server {"client_jerome":15, "client_vaastav":21, "client_madeleine":10, "client_raunak":2, "server":53}
[Register] request received from client
server {"server":54, "client_jerome":15, "client_vaastav":21, "client_madeleine":10, "client_raunak":2}
[Register] request accepted from client
server {"client_jerome":15, "client_vaastav":21, "client_madeleine":10, "client_raunak":4, "server":55}
[Connect] received from client
server {"client_raunak":4, "server":56, "client_jerome":15, "client_vaastav":21, "client_madeleine":10}
[Connect] Request accepted from client
server {"client_madeleine":10, "client_raunak":4, "server":57, "client_jerome":15, "client_vaastav":21}
Syncing Clocks
server {"client_vaastav":21, "client_madeleine":10, "client_raunak":4, "server":58, "client_jerome":15}
[TimeRequest] sending command to client
server {"server":59, "client_jerome":15, "client_vaastav":21, "client_madeleine":10, "client_raunak":6}
[GetNodes] received from client
server {"server":60, "client_jerome":15, "client_vaastav":23, "client_madeleine":10, "client_raunak":6}
[TimeRequest] command succeeded
server {"client_madeleine":10, "client_raunak":6, "server":61, "client_jerome":15, "client_vaastav":23}
[TimeRequest] sending command to client
server {"client_jerome":17, "client_vaastav":23, "client_madeleine":10, "client_raunak":6, "server":62}
[TimeRequest] command succeeded
server {"client_vaastav":23, "client_madeleine":10, "client_raunak":6, "server":63, "client_jerome":17}
[TimeRequest] sending command to client
server {"client_raunak":6, "server":64, "client_jerome":17, "client_vaastav":23, "client_madeleine":13}
[TimeRequest] command succeeded
server {"client_vaastav":23, "client_madeleine":13, "client_raunak":6, "server":65, "client_jerome":17}
[TimeRequest] sending command to client
server {"client_raunak":8, "server":66, "client_jerome":17, "client_vaastav":23, "client_madeleine":13}
[TimeRequest] command succeeded
server {"client_jerome":17, "client_vaastav":23, "client_madeleine":13, "client_raunak":8, "server":67}
[SetOffset] sending command to client
server {"client_jerome":17, "client_vaastav":25, "client_madeleine":13, "client_raunak":8, "server":68}
[SetOffset] command succeeded
server {"client_raunak":8, "server":69, "client_jerome":17, "client_vaastav":25, "client_madeleine":13}
[SetOffset] sending command to client
server {"server":70, "client_jerome":19, "client_vaastav":25, "client_madeleine":13, "client_raunak":8}
[SetOffset] command succeeded
server {"client_jerome":19, "client_vaastav":25, "client_madeleine":13, "client_raunak":8, "server":71}
[SetOffset] sending command to client
server {"client_vaastav":25, "client_madeleine":15, "client_raunak":8, "server":72, "client_jerome":19}
[SetOffset] command succeeded
server {"client_jerome":19, "client_vaastav":25, "client_madeleine":15, "client_raunak":8, "server":73}
[SetOffset] sending command to client
server {"client_jerome":19, "client_vaastav":25, "client_madeleine":15, "client_raunak":10, "server":74}
[SetOffset] command succeeded
server {"client_madeleine":15, "client_raunak":10, "server":75, "client_jerome":19, "client_vaastav":25}
Setting local clock offset
server {"client_jerome":19, "client_vaastav":25, "client_madeleine":15, "client_raunak":10, "server":76}
[GetNodes] accepted from client
server {"client_vaastav":25, "client_madeleine":15, "client_raunak":12, "server":77, "client_jerome":19}
[Disconnect] received from client
server {"client_raunak":12, "server":78, "client_jerome":19, "client_vaastav":25, "client_madeleine":16}
[Disconnect] received from client
server {"client_madeleine":16, "client_raunak":12, "server":79, "client_jerome":20, "client_vaastav":25}
[Disconnect] received from client
server {"client_jerome":20, "client_vaastav":26, "client_madeleine":16, "client_raunak":12, "server":80}
[Disconnect] received from client
